-------------------------------------------------------------------------------
Test set: test.ProjectTest
-------------------------------------------------------------------------------
Tests run: 1, Failures: 0, Errors: 1, Skipped: 0, Time elapsed: 1.56 sec <<< FAILURE!
test(test.ProjectTest)  Time elapsed: 1.384 sec  <<< ERROR!
org.springframework.beans.factory.BeanCreationException: Error creating bean with name 'entityManagerFactory' defined in class path resource [applicationContext.xml]: Invocation of init method failed; nested exception is java.lang.RuntimeException: error trying to scan <jar-file>: file:/E:/eclipse-workspace/VSP/target/classes
	at org.springframework.beans.factory.support.AbstractAutowireCapableBeanFactory.initializeBean(AbstractAutowireCapableBeanFactory.java:1482)
	at org.springframework.beans.factory.support.AbstractAutowireCapableBeanFactory.doCreateBean(AbstractAutowireCapableBeanFactory.java:521)
	at org.springframework.beans.factory.support.AbstractAutowireCapableBeanFactory.createBean(AbstractAutowireCapableBeanFactory.java:458)
	at org.springframework.beans.factory.support.AbstractBeanFactory$1.getObject(AbstractBeanFactory.java:295)
	at org.springframework.beans.factory.support.DefaultSingletonBeanRegistry.getSingleton(DefaultSingletonBeanRegistry.java:223)
	at org.springframework.beans.factory.support.AbstractBeanFactory.doGetBean(AbstractBeanFactory.java:292)
	at org.springframework.beans.factory.support.AbstractBeanFactory.getBean(AbstractBeanFactory.java:194)
	at org.springframework.context.support.AbstractApplicationContext.getBean(AbstractApplicationContext.java:1117)
	at org.springframework.context.support.AbstractApplicationContext.finishBeanFactoryInitialization(AbstractApplicationContext.java:922)
	at org.springframework.context.support.AbstractApplicationContext.refresh(AbstractApplicationContext.java:479)
	at org.springframework.context.support.ClassPathXmlApplicationContext.<init>(ClassPathXmlApplicationContext.java:139)
	at org.springframework.context.support.ClassPathXmlApplicationContext.<init>(ClassPathXmlApplicationContext.java:83)
	at test.ProjectTest.setUp(ProjectTest.java:23)
	at sun.reflect.NativeMethodAccessorImpl.invoke0(Native Method)
	at sun.reflect.NativeMethodAccessorImpl.invoke(NativeMethodAccessorImpl.java:57)
	at sun.reflect.DelegatingMethodAccessorImpl.invoke(DelegatingMethodAccessorImpl.java:43)
	at java.lang.reflect.Method.invoke(Method.java:606)
	at org.junit.runners.model.FrameworkMethod$1.runReflectiveCall(FrameworkMethod.java:44)
	at org.junit.internal.runners.model.ReflectiveCallable.run(ReflectiveCallable.java:15)
	at org.junit.runners.model.FrameworkMethod.invokeExplosively(FrameworkMethod.java:41)
	at org.junit.internal.runners.statements.RunBefores.evaluate(RunBefores.java:27)
	at org.junit.internal.runners.statements.RunAfters.evaluate(RunAfters.java:31)
	at org.junit.runners.BlockJUnit4ClassRunner.runChild(BlockJUnit4ClassRunner.java:73)
	at org.junit.runners.BlockJUnit4ClassRunner.runChild(BlockJUnit4ClassRunner.java:46)
	at org.junit.runners.ParentRunner.runChildren(ParentRunner.java:180)
	at org.junit.runners.ParentRunner.access$000(ParentRunner.java:41)
	at org.junit.runners.ParentRunner$1.evaluate(ParentRunner.java:173)
	at org.junit.internal.runners.statements.RunBefores.evaluate(RunBefores.java:28)
	at org.junit.internal.runners.statements.RunAfters.evaluate(RunAfters.java:31)
	at org.junit.runners.ParentRunner.run(ParentRunner.java:220)
	at org.apache.maven.surefire.junit4.JUnit4Provider.execute(JUnit4Provider.java:252)
	at org.apache.maven.surefire.junit4.JUnit4Provider.executeTestSet(JUnit4Provider.java:141)
	at org.apache.maven.surefire.junit4.JUnit4Provider.invoke(JUnit4Provider.java:112)
	at sun.reflect.NativeMethodAccessorImpl.invoke0(Native Method)
	at sun.reflect.NativeMethodAccessorImpl.invoke(NativeMethodAccessorImpl.java:57)
	at sun.reflect.DelegatingMethodAccessorImpl.invoke(DelegatingMethodAccessorImpl.java:43)
	at java.lang.reflect.Method.invoke(Method.java:606)
	at org.apache.maven.surefire.util.ReflectionUtils.invokeMethodWithArray(ReflectionUtils.java:189)
	at org.apache.maven.surefire.booter.ProviderFactory$ProviderProxy.invoke(ProviderFactory.java:165)
	at org.apache.maven.surefire.booter.ProviderFactory.invokeProvider(ProviderFactory.java:85)
	at org.apache.maven.surefire.booter.ForkedBooter.runSuitesInProcess(ForkedBooter.java:115)
	at org.apache.maven.surefire.booter.ForkedBooter.main(ForkedBooter.java:75)
Caused by: java.lang.RuntimeException: error trying to scan <jar-file>: file:/E:/eclipse-workspace/VSP/target/classes
	at org.hibernate.ejb.Ejb3Configuration.scanForClasses(Ejb3Configuration.java:863)
	at org.hibernate.ejb.Ejb3Configuration.configure(Ejb3Configuration.java:605)
	at org.hibernate.ejb.HibernatePersistence.createContainerEntityManagerFactory(HibernatePersistence.java:75)
	at org.springframework.orm.jpa.LocalContainerEntityManagerFactoryBean.createNativeEntityManagerFactory(LocalContainerEntityManagerFactoryBean.java:288)
	at org.springframework.orm.jpa.AbstractEntityManagerFactoryBean.afterPropertiesSet(AbstractEntityManagerFactoryBean.java:310)
	at org.springframework.beans.factory.support.AbstractAutowireCapableBeanFactory.invokeInitMethods(AbstractAutowireCapableBeanFactory.java:1541)
	at org.springframework.beans.factory.support.AbstractAutowireCapableBeanFactory.initializeBean(AbstractAutowireCapableBeanFactory.java:1479)
	... 41 more
Caused by: java.lang.RuntimeException: Error while reading file:/E:/eclipse-workspace/VSP/target/classes
	at org.hibernate.ejb.packaging.NativeScanner.getClassesInJar(NativeScanner.java:131)
	at org.hibernate.ejb.Ejb3Configuration.addScannedEntries(Ejb3Configuration.java:486)
	at org.hibernate.ejb.Ejb3Configuration.scanForClasses(Ejb3Configuration.java:860)
	... 47 more
Caused by: java.io.EOFException
	at java.io.DataInputStream.readFully(DataInputStream.java:197)
	at java.io.DataInputStream.readFully(DataInputStream.java:169)
	at javassist.bytecode.AttributeInfo.<init>(AttributeInfo.java:69)
	at javassist.bytecode.LineNumberAttribute.<init>(LineNumberAttribute.java:35)
	at javassist.bytecode.AttributeInfo.read(AttributeInfo.java:97)
	at javassist.bytecode.CodeAttribute.<init>(CodeAttribute.java:115)
	at javassist.bytecode.AttributeInfo.read(AttributeInfo.java:81)
	at javassist.bytecode.MethodInfo.read(MethodInfo.java:528)
	at javassist.bytecode.MethodInfo.<init>(MethodInfo.java:87)
	at javassist.bytecode.ClassFile.read(ClassFile.java:788)
	at javassist.bytecode.ClassFile.<init>(ClassFile.java:109)
	at org.hibernate.ejb.packaging.AbstractJarVisitor.checkAnnotationMatching(AbstractJarVisitor.java:246)
	at org.hibernate.ejb.packaging.AbstractJarVisitor.executeJavaElementFilter(AbstractJarVisitor.java:212)
	at org.hibernate.ejb.packaging.AbstractJarVisitor.addElement(AbstractJarVisitor.java:173)
	at org.hibernate.ejb.packaging.ExplodedJarVisitor.getClassNamesInTree(ExplodedJarVisitor.java:126)
	at org.hibernate.ejb.packaging.ExplodedJarVisitor.getClassNamesInTree(ExplodedJarVisitor.java:134)
	at org.hibernate.ejb.packaging.ExplodedJarVisitor.getClassNamesInTree(ExplodedJarVisitor.java:134)
	at org.hibernate.ejb.packaging.ExplodedJarVisitor.getClassNamesInTree(ExplodedJarVisitor.java:134)
	at org.hibernate.ejb.packaging.ExplodedJarVisitor.doProcessElements(ExplodedJarVisitor.java:92)
	at org.hibernate.ejb.packaging.AbstractJarVisitor.getMatchingEntries(AbstractJarVisitor.java:149)
	at org.hibernate.ejb.packaging.NativeScanner.getClassesInJar(NativeScanner.java:128)
	... 49 more

