<?xml version="1.0" encoding="UTF-8" ?>
<testsuite failures="0" time="1.384" errors="1" skipped="0" tests="1" name="test.ProjectTest">
  <properties>
[...]
</properties>
  <testcase time="1.384" classname="test.ProjectTest" name="test">
    <error message="Error creating bean with name &apos;entityManagerFactory&apos; defined in class path resource [applicationContext.xml]: Invocation of init method failed; nested exception is java.lang.RuntimeException: error trying to scan &lt;jar-file&gt;: file:/E:/eclipse-workspace/VSP/target/classes" type="org.springframework.beans.factory.BeanCreationException">org.springframework.beans.factory.BeanCreationException: Error creating bean with name &apos;entityManagerFactory&apos; defined in class path resource [applicationContext.xml]: Invocation of init method failed; nested exception is java.lang.RuntimeException: error trying to scan &lt;jar-file&gt;: file:/E:/eclipse-workspace/VSP/target/classes
	at org.springframework.beans.factory.support.AbstractAutowireCapableBeanFactory.initializeBean(AbstractAutowireCapableBeanFactory.java:1482)
	at org.springframework.beans.factory.support.AbstractAutowireCapableBeanFactory.doCreateBean(AbstractAutowireCapableBeanFactory.java:521)
	at org.springframework.beans.factory.support.AbstractAutowireCapableBeanFactory.createBean(AbstractAutowireCapableBeanFactory.java:458)
	at org.springframework.beans.factory.support.AbstractBeanFactory$1.getObject(AbstractBeanFactory.java:295)
	at org.springframework.beans.factory.support.DefaultSingletonBeanRegistry.getSingleton(DefaultSingletonBeanRegistry.java:223)
	at org.springframework.beans.factory.support.AbstractBeanFactory.doGetBean(AbstractBeanFactory.java:292)
	at org.springframework.beans.factory.support.AbstractBeanFactory.getBean(AbstractBeanFactory.java:194)
	at org.springframework.context.support.AbstractApplicationContext.getBean(AbstractApplicationContext.java:1117)
	at org.springframework.context.support.AbstractApplicationContext.finishBeanFactoryInitialization(AbstractApplicationContext.java:922)
	at org.springframework.context.support.AbstractApplicationContext.refresh(AbstractApplicationContext.java:479)
	at org.springframework.context.support.ClassPathXmlApplicationContext.&lt;init&gt;(ClassPathXmlApplicationContext.java:139)
	at org.springframework.context.support.ClassPathXmlApplicationContext.&lt;init&gt;(ClassPathXmlApplicationContext.java:83)
	at test.ProjectTest.setUp(ProjectTest.java:23)
	at sun.reflect.NativeMethodAccessorImpl.invoke0(Native Method)
	at sun.reflect.NativeMethodAccessorImpl.invoke(NativeMethodAccessorImpl.java:57)
	at sun.reflect.DelegatingMethodAccessorImpl.invoke(DelegatingMethodAccessorImpl.java:43)
	at java.lang.reflect.Method.invoke(Method.java:606)
	at org.junit.runners.model.FrameworkMethod$1.runReflectiveCall(FrameworkMethod.java:44)
	at org.junit.internal.runners.model.ReflectiveCallable.run(ReflectiveCallable.java:15)
	at org.junit.runners.model.FrameworkMethod.invokeExplosively(FrameworkMethod.java:41)
	at org.junit.internal.runners.statements.RunBefores.evaluate(RunBefores.java:27)
	at org.junit.internal.runners.statements.RunAfters.evaluate(RunAfters.java:31)
	at org.junit.runners.BlockJUnit4ClassRunner.runChild(BlockJUnit4ClassRunner.java:73)
	at org.junit.runners.BlockJUnit4ClassRunner.runChild(BlockJUnit4ClassRunner.java:46)
	at org.junit.runners.ParentRunner.runChildren(ParentRunner.java:180)
	at org.junit.runners.ParentRunner.access$000(ParentRunner.java:41)
	at org.junit.runners.ParentRunner$1.evaluate(ParentRunner.java:173)
	at org.junit.internal.runners.statements.RunBefores.evaluate(RunBefores.java:28)
	at org.junit.internal.runners.statements.RunAfters.evaluate(RunAfters.java:31)
	at org.junit.runners.ParentRunner.run(ParentRunner.java:220)
	at org.apache.maven.surefire.junit4.JUnit4Provider.execute(JUnit4Provider.java:252)
	at org.apache.maven.surefire.junit4.JUnit4Provider.executeTestSet(JUnit4Provider.java:141)
	at org.apache.maven.surefire.junit4.JUnit4Provider.invoke(JUnit4Provider.java:112)
	at sun.reflect.NativeMethodAccessorImpl.invoke0(Native Method)
	at sun.reflect.NativeMethodAccessorImpl.invoke(NativeMethodAccessorImpl.java:57)
	at sun.reflect.DelegatingMethodAccessorImpl.invoke(DelegatingMethodAccessorImpl.java:43)
	at java.lang.reflect.Method.invoke(Method.java:606)
	at org.apache.maven.surefire.util.ReflectionUtils.invokeMethodWithArray(ReflectionUtils.java:189)
	at org.apache.maven.surefire.booter.ProviderFactory$ProviderProxy.invoke(ProviderFactory.java:165)
	at org.apache.maven.surefire.booter.ProviderFactory.invokeProvider(ProviderFactory.java:85)
	at org.apache.maven.surefire.booter.ForkedBooter.runSuitesInProcess(ForkedBooter.java:115)
	at org.apache.maven.surefire.booter.ForkedBooter.main(ForkedBooter.java:75)
Caused by: java.lang.RuntimeException: error trying to scan &lt;jar-file&gt;: file:/E:/eclipse-workspace/VSP/target/classes
	at org.hibernate.ejb.Ejb3Configuration.scanForClasses(Ejb3Configuration.java:863)
	at org.hibernate.ejb.Ejb3Configuration.configure(Ejb3Configuration.java:605)
	at org.hibernate.ejb.HibernatePersistence.createContainerEntityManagerFactory(HibernatePersistence.java:75)
	at org.springframework.orm.jpa.LocalContainerEntityManagerFactoryBean.createNativeEntityManagerFactory(LocalContainerEntityManagerFactoryBean.java:288)
	at org.springframework.orm.jpa.AbstractEntityManagerFactoryBean.afterPropertiesSet(AbstractEntityManagerFactoryBean.java:310)
	at org.springframework.beans.factory.support.AbstractAutowireCapableBeanFactory.invokeInitMethods(AbstractAutowireCapableBeanFactory.java:1541)
	at org.springframework.beans.factory.support.AbstractAutowireCapableBeanFactory.initializeBean(AbstractAutowireCapableBeanFactory.java:1479)
	... 41 more
Caused by: java.lang.RuntimeException: Error while reading file:/E:/eclipse-workspace/VSP/target/classes
	at org.hibernate.ejb.packaging.NativeScanner.getClassesInJar(NativeScanner.java:131)
	at org.hibernate.ejb.Ejb3Configuration.addScannedEntries(Ejb3Configuration.java:486)
	at org.hibernate.ejb.Ejb3Configuration.scanForClasses(Ejb3Configuration.java:860)
	... 47 more
Caused by: java.io.EOFException
	at java.io.DataInputStream.readFully(DataInputStream.java:197)
	at java.io.DataInputStream.readFully(DataInputStream.java:169)
	at javassist.bytecode.AttributeInfo.&lt;init&gt;(AttributeInfo.java:69)
	at javassist.bytecode.LineNumberAttribute.&lt;init&gt;(LineNumberAttribute.java:35)
	at javassist.bytecode.AttributeInfo.read(AttributeInfo.java:97)
	at javassist.bytecode.CodeAttribute.&lt;init&gt;(CodeAttribute.java:115)
	at javassist.bytecode.AttributeInfo.read(AttributeInfo.java:81)
	at javassist.bytecode.MethodInfo.read(MethodInfo.java:528)
	at javassist.bytecode.MethodInfo.&lt;init&gt;(MethodInfo.java:87)
	at javassist.bytecode.ClassFile.read(ClassFile.java:788)
	at javassist.bytecode.ClassFile.&lt;init&gt;(ClassFile.java:109)
	at org.hibernate.ejb.packaging.AbstractJarVisitor.checkAnnotationMatching(AbstractJarVisitor.java:246)
	at org.hibernate.ejb.packaging.AbstractJarVisitor.executeJavaElementFilter(AbstractJarVisitor.java:212)
	at org.hibernate.ejb.packaging.AbstractJarVisitor.addElement(AbstractJarVisitor.java:173)
	at org.hibernate.ejb.packaging.ExplodedJarVisitor.getClassNamesInTree(ExplodedJarVisitor.java:126)
	at org.hibernate.ejb.packaging.ExplodedJarVisitor.getClassNamesInTree(ExplodedJarVisitor.java:134)
	at org.hibernate.ejb.packaging.ExplodedJarVisitor.getClassNamesInTree(ExplodedJarVisitor.java:134)
	at org.hibernate.ejb.packaging.ExplodedJarVisitor.getClassNamesInTree(ExplodedJarVisitor.java:134)
	at org.hibernate.ejb.packaging.ExplodedJarVisitor.doProcessElements(ExplodedJarVisitor.java:92)
	at org.hibernate.ejb.packaging.AbstractJarVisitor.getMatchingEntries(AbstractJarVisitor.java:149)
	at org.hibernate.ejb.packaging.NativeScanner.getClassesInJar(NativeScanner.java:128)
	... 49 more
</error>
    <system-out>12:57:30,917  INFO Version:37 - HCANN000001: Hibernate Commons Annotations {4.0.1.Final}
12:57:30,927  INFO Version:41 - HHH000412: Hibernate Core {4.2.1.Final}
12:57:30,929  INFO Environment:239 - HHH000206: hibernate.properties not found
12:57:30,932  INFO Environment:342 - HHH000021: Bytecode provider name : javassist
12:57:30,947 DEBUG DefaultIdentifierGeneratorFactory:93 - Registering IdentifierGenerator strategy [uuid2] -&gt; [org.hibernate.id.UUIDGenerator]
12:57:30,948 DEBUG DefaultIdentifierGeneratorFactory:93 - Registering IdentifierGenerator strategy [guid] -&gt; [org.hibernate.id.GUIDGenerator]
12:57:30,949 DEBUG DefaultIdentifierGeneratorFactory:93 - Registering IdentifierGenerator strategy [uuid] -&gt; [org.hibernate.id.UUIDHexGenerator]
12:57:30,950 DEBUG DefaultIdentifierGeneratorFactory:93 - Registering IdentifierGenerator strategy [uuid.hex] -&gt; [org.hibernate.id.UUIDHexGenerator]
12:57:30,952 DEBUG DefaultIdentifierGeneratorFactory:93 - Registering IdentifierGenerator strategy [hilo] -&gt; [org.hibernate.id.TableHiLoGenerator]
12:57:30,953 DEBUG DefaultIdentifierGeneratorFactory:93 - Registering IdentifierGenerator strategy [assigned] -&gt; [org.hibernate.id.Assigned]
12:57:30,956 DEBUG DefaultIdentifierGeneratorFactory:93 - Registering IdentifierGenerator strategy [identity] -&gt; [org.hibernate.id.IdentityGenerator]
12:57:30,957 DEBUG DefaultIdentifierGeneratorFactory:93 - Registering IdentifierGenerator strategy [select] -&gt; [org.hibernate.id.SelectGenerator]
12:57:30,958 DEBUG DefaultIdentifierGeneratorFactory:93 - Registering IdentifierGenerator strategy [sequence] -&gt; [org.hibernate.id.SequenceGenerator]
12:57:30,959 DEBUG DefaultIdentifierGeneratorFactory:93 - Registering IdentifierGenerator strategy [seqhilo] -&gt; [org.hibernate.id.SequenceHiLoGenerator]
12:57:30,960 DEBUG DefaultIdentifierGeneratorFactory:93 - Registering IdentifierGenerator strategy [increment] -&gt; [org.hibernate.id.IncrementGenerator]
12:57:30,961 DEBUG DefaultIdentifierGeneratorFactory:93 - Registering IdentifierGenerator strategy [foreign] -&gt; [org.hibernate.id.ForeignGenerator]
12:57:30,963 DEBUG DefaultIdentifierGeneratorFactory:93 - Registering IdentifierGenerator strategy [sequence-identity] -&gt; [org.hibernate.id.SequenceIdentityGenerator]
12:57:30,964 DEBUG DefaultIdentifierGeneratorFactory:93 - Registering IdentifierGenerator strategy [enhanced-sequence] -&gt; [org.hibernate.id.enhanced.SequenceStyleGenerator]
12:57:30,965 DEBUG DefaultIdentifierGeneratorFactory:93 - Registering IdentifierGenerator strategy [enhanced-table] -&gt; [org.hibernate.id.enhanced.TableGenerator]
12:57:30,969 DEBUG DefaultIdentifierGeneratorFactory:93 - Registering IdentifierGenerator strategy [uuid2] -&gt; [org.hibernate.id.UUIDGenerator]
12:57:30,969 DEBUG DefaultIdentifierGeneratorFactory:93 - Registering IdentifierGenerator strategy [guid] -&gt; [org.hibernate.id.GUIDGenerator]
12:57:30,970 DEBUG DefaultIdentifierGeneratorFactory:93 - Registering IdentifierGenerator strategy [uuid] -&gt; [org.hibernate.id.UUIDHexGenerator]
12:57:30,970 DEBUG DefaultIdentifierGeneratorFactory:93 - Registering IdentifierGenerator strategy [uuid.hex] -&gt; [org.hibernate.id.UUIDHexGenerator]
12:57:30,971 DEBUG DefaultIdentifierGeneratorFactory:93 - Registering IdentifierGenerator strategy [hilo] -&gt; [org.hibernate.id.TableHiLoGenerator]
12:57:30,971 DEBUG DefaultIdentifierGeneratorFactory:93 - Registering IdentifierGenerator strategy [assigned] -&gt; [org.hibernate.id.Assigned]
12:57:30,971 DEBUG DefaultIdentifierGeneratorFactory:93 - Registering IdentifierGenerator strategy [identity] -&gt; [org.hibernate.id.IdentityGenerator]
12:57:30,972 DEBUG DefaultIdentifierGeneratorFactory:93 - Registering IdentifierGenerator strategy [select] -&gt; [org.hibernate.id.SelectGenerator]
12:57:30,972 DEBUG DefaultIdentifierGeneratorFactory:93 - Registering IdentifierGenerator strategy [sequence] -&gt; [org.hibernate.id.SequenceGenerator]
12:57:30,972 DEBUG DefaultIdentifierGeneratorFactory:93 - Registering IdentifierGenerator strategy [seqhilo] -&gt; [org.hibernate.id.SequenceHiLoGenerator]
12:57:30,973 DEBUG DefaultIdentifierGeneratorFactory:93 - Registering IdentifierGenerator strategy [increment] -&gt; [org.hibernate.id.IncrementGenerator]
12:57:30,974 DEBUG DefaultIdentifierGeneratorFactory:93 - Registering IdentifierGenerator strategy [foreign] -&gt; [org.hibernate.id.ForeignGenerator]
12:57:30,974 DEBUG DefaultIdentifierGeneratorFactory:93 - Registering IdentifierGenerator strategy [sequence-identity] -&gt; [org.hibernate.id.SequenceIdentityGenerator]
12:57:30,975 DEBUG DefaultIdentifierGeneratorFactory:93 - Registering IdentifierGenerator strategy [enhanced-sequence] -&gt; [org.hibernate.id.enhanced.SequenceStyleGenerator]
12:57:30,975 DEBUG DefaultIdentifierGeneratorFactory:93 - Registering IdentifierGenerator strategy [enhanced-table] -&gt; [org.hibernate.id.enhanced.TableGenerator]
12:57:30,978 DEBUG Ejb3Configuration:527 - Processing PersistenceUnitInfo [
	name: UP_VSP
	persistence provider classname: org.hibernate.ejb.HibernatePersistence
	classloader: sun.misc.Launcher$AppClassLoader@1732a4df
	Temporary classloader: org.springframework.instrument.classloading.SimpleThrowawayClassLoader@1ae418e6
	excludeUnlistedClasses: false
	JTA datasource: null
	Non JTA datasource: org.springframework.jdbc.datasource.DriverManagerDataSource@751eb1d4
	Transaction type: RESOURCE_LOCAL
	PU root URL: file:/E:/eclipse-workspace/VSP/target/classes
	Shared Cache Mode: UNSPECIFIED
	Validation Mode: AUTO
	Jar files URLs []
	Managed classes names []
	Mapping files names []
	Properties [
		hibernate.dialect: org.hibernate.dialect.MySQLDialect
		hibernate.show_sql: true
		hibernate.hbm2ddl.auto: update]
12:57:30,981 DEBUG Ejb3Configuration:850 - Detect class: true; detect hbm: true
12:57:30,982 DEBUG Ejb3Configuration:850 - Detect class: true; detect hbm: true
12:57:30,992 DEBUG AbstractJarVisitor:126 - Searching mapped entities in jar/par: file:/E:/eclipse-workspace/VSP/target/classes
12:57:30,994 DEBUG AbstractJarVisitor:172 - Filtering: org.as.dao.ClientDAOImpl
12:57:31,069 DEBUG AbstractJarVisitor:172 - Filtering: org.as.dao.CommandeDAOImpl
12:57:31,071 DEBUG AbstractJarVisitor:172 - Filtering: org.as.dao.IClientDAO
12:57:31,073 DEBUG AbstractJarVisitor:172 - Filtering: org.as.dao.ICommandeDAO
12:57:31,074 DEBUG AbstractJarVisitor:172 - Filtering: org.as.dao.ISmartphoneDAO
12:57:31,075 DEBUG AbstractJarVisitor:172 - Filtering: org.as.dao.SmartphoneDAOImpl
12:57:31,077 DEBUG AbstractJarVisitor:172 - Filtering: org.as.entities.Client
12:57:31,090 DEBUG AbstractJarVisitor:223 - Java element filter matched for org.as.entities.Client
12:57:31,091 DEBUG AbstractJarVisitor:172 - Filtering: org.as.entities.Commande
12:57:31,093 DEBUG AbstractJarVisitor:223 - Java element filter matched for org.as.entities.Commande
12:57:31,093 DEBUG AbstractJarVisitor:172 - Filtering: org.as.entities.Smartphone
12:57:31,095 DEBUG AbstractJarVisitor:223 - Java element filter matched for org.as.entities.Smartphone
12:57:31,095 DEBUG AbstractJarVisitor:172 - Filtering: org.as.metier.ClientMetierImpl
12:57:31,097 DEBUG AbstractJarVisitor:172 - Filtering: org.as.metier.CommandeMetierImpl
12:57:31,099 DEBUG AbstractJarVisitor:172 - Filtering: org.as.metier.IClientMetier
12:57:31,100 DEBUG AbstractJarVisitor:172 - Filtering: org.as.metier.ICommandeMetier
12:57:31,101 DEBUG AbstractJarVisitor:172 - Filtering: org.as.metier.ISmartphoneMetier
12:57:31,102 DEBUG AbstractJarVisitor:172 - Filtering: org.as.metier.SmartphoneMetierImpl
12:57:31,105 DEBUG AbstractJarVisitor:172 - Filtering: org.as.web.ClientAction
12:57:31,107 DEBUG AbstractJarVisitor:172 - Filtering: org.as.web.CommandeAction
12:57:31,109 DEBUG AbstractJarVisitor:172 - Filtering: org.as.web.SmartphoneAction
</system-out>
  </testcase>
</testsuite>